android/app/proguard-rules.pro
# Keep the assets_audio_player library
-keep class com.ryanheise.** { *; }