build/app/outputs/mapping/release/seeds.txt
com.americanlyceum.chat_gpt_stories.MainActivity
com.americanlyceum.chat_gpt_stories.MainActivity: MainActivity()
...
androidx.core.R$id: int accessibility_custom_action_4
io.flutter.embedding.engine.FlutterJNI: void addEngineLifecycleListener(io.flutter.embedding.engine.FlutterEngine$EngineLifecycleListener)
com.dexterous.flutterlocalnotifications.models.NotificationAction: java.lang.String id
io.flutter.embedding.engine.FlutterJNI
io.flutter.embedding.engine.mutatorsstack.FlutterMutatorsStack: FlutterMutatorsStack()
com.dexterous.flutterlocalnotifications.FlutterLocalNotificationsPlugin: byte[] castObjectToByteArray(java.lang.Object)
com.google.firebase.installations.remote.InstallationResponse$ResponseCode: com.google.firebase.installations.remote.InstallationResponse$ResponseCode valueOf(java.lang.String)
kotlinx.coroutines.scheduling.CoroutineScheduler
com.google.android.gms.measurement.internal.AppMeasurementDynamiteService: void setConditionalUserProperty(android.os.Bundle,long)
io.flutter.plugins.urllauncher.WebViewActivity: WebViewActivity()
com.dexterous.flutterlocalnotifications.models.Time: java.lang.Integer hour
kotlin.coroutines.jvm.internal.BaseContinuationImpl: kotlin.coroutines.Continuation create(kotlin.coroutines.Continuation)
io.flutter.embedding.engine.FlutterJNI: void setLocalizationPlugin(io.flutter.plugin.localization.LocalizationPlugin)
androidx.window.layout.WindowMetricsCalculatorDecorator: androidx.window.layout.WindowMetricsCalculator decorate(androidx.window.layout.WindowMetricsCalculator)
androidx.core.R$id: int accessibility_custom_action_18
com.dexterous.flutterlocalnotifications.FlutterLocalNotificationsPlugin: java.lang.String ZONED_SCHEDULE_METHOD
com.google.android.gms.internal.measurement.zzgm: java.lang.String zzg
com.google.android.gms.internal.measurement.zzei: int zze
com.dexterous.flutterlocalnotifications.utils.BooleanUtils: boolean getValue(java.lang.Boolean)
androidx.window.embedding.SplitInfo: int hashCode()
android.support.v4.media.session.MediaControllerCompat$MediaControllerImplApi21$ExtraBinderRequestResultReceiver
com.dexterous.flutterlocalnotifications.FlutterLocalNotificationsPlugin: java.lang.String START_FOREGROUND_SERVICE
androidx.window.embedding.SplitPlaceholderRule: int hashCode()
androidx.window.layout.ExtensionWindowLayoutInfoBackend: java.util.Map activityToListeners
com.google.android.gms.internal.measurement.zzem: com.google.android.gms.internal.measurement.zzey zze
androidx.window.embedding.EmbeddingCompat: androidx.window.embedding.EmbeddingAdapter adapter
com.google.android.gms.base.R$string: int common_google_play_services_install_text
androidx.window.embedding.EmbeddingInterfaceCompat
com.dexterous.flutterlocalnotifications.FlutterLocalNotificationsPlugin: void setProgress(com.dexterous.flutterlocalnotifications.models.NotificationDetails,androidx.core.app.NotificationCompat$Builder)
androidx.window.java.layout.WindowInfoTrackerCallbackAdapter$addListener$1$1: java.lang.Object invoke(kotlinx.coroutines.CoroutineScope,kotlin.coroutines.Continuation)
kotlinx.coroutines.CompletedExceptionally
com.google.android.gms.internal.measurement.zzek: java.lang.String zzf
androidx.window.layout.FoldingFeature$Orientation: java.lang.String toString()
androidx.window.layout.HardwareFoldingFeature$Type: androidx.window.layout.HardwareFoldingFeature$Type FOLD
com.google.firebase.heartbeatinfo.HeartBeatInfo$HeartBeat: com.google.firebase.heartbeatinfo.HeartBeatInfo$HeartBeat[] values()
com.dexterous.flutterlocalnotifications.models.NotificationDetails: java.lang.Integer ledOnMs
kotlinx.coroutines.AbstractCoroutine
com.google.firebase.messaging.FirebaseMessagingRegistrar: java.lang.String LIBRARY_NAME
androidx.window.java.layout.WindowInfoTrackerCallbackAdapter: void addWindowLayoutInfoListener(android.app.Activity,java.util.concurrent.Executor,androidx.core.util.Consumer)
androidx.media.R$id: int info
androidx.core.R$string: int status_bar_notification_info_overflow
io.flutter.embedding.engine.renderer.SurfaceTextureWrapper: boolean attached
androidx.window.R$attr: int activityName