build/app/outputs/mapping/release/mapping.txt
# compiler: R8
# compiler_version: 2.0.88
# min_api: 21
# pg_map_id: 50b8848
# common_typos_disable
...
com.google.android.gms.measurement.internal.zziy -> com.google.android.gms.measurement.internal.f8:
    com.google.android.gms.measurement.internal.zzjm zza -> e
    void zzc() -> c
com.google.android.gms.measurement.internal.zziz -> com.google.android.gms.measurement.internal.g8:
    com.google.android.gms.measurement.internal.zzq zza -> l
    com.google.android.gms.measurement.internal.zzjm zzb -> m
com.google.android.gms.measurement.internal.zzj -> com.google.android.gms.measurement.internal.h8:
    com.google.android.gms.measurement.internal.zzaw zzb -> m
    java.lang.String zzc -> n
    com.google.android.gms.measurement.internal.AppMeasurementDynamiteService zzd -> o
    com.google.android.gms.internal.measurement.zzcf zza -> l
com.google.android.gms.measurement.internal.zzja -> com.google.android.gms.measurement.internal.i8:
    com.google.android.gms.measurement.internal.zzq zza -> l
    com.google.android.gms.measurement.internal.zzjm zzb -> m
com.google.android.gms.measurement.internal.zzjb -> com.google.android.gms.measurement.internal.j8:
    boolean zzb -> m
    com.google.android.gms.measurement.internal.zzq zza -> l
    com.google.android.gms.measurement.internal.zzaw zzc -> n
    com.google.android.gms.measurement.internal.zzjm zze -> o
com.google.android.gms.measurement.internal.zzjc -> com.google.android.gms.measurement.internal.k8:
    boolean zzb -> m
    com.google.android.gms.measurement.internal.zzq zza -> l
    com.google.android.gms.measurement.internal.zzac zzc -> n
    com.google.android.gms.measurement.internal.zzjm zze -> o
com.google.android.gms.measurement.internal.zzjd -> com.google.android.gms.measurement.internal.l8:
    java.util.concurrent.atomic.AtomicReference zza -> l
    java.lang.String zzb -> m
    com.google.android.gms.measurement.internal.zzq zzd -> o
    java.lang.String zzc -> n
    com.google.android.gms.measurement.internal.zzjm zze -> p
com.google.android.gms.measurement.internal.zzje -> com.google.android.gms.measurement.internal.m8:
    com.google.android.gms.measurement.internal.zzq zzc -> n
    com.google.android.gms.internal.measurement.zzcf zzd -> o
    java.lang.String zzb -> m
    java.lang.String zza -> l
    com.google.android.gms.measurement.internal.zzjm zze -> p
com.google.android.gms.measurement.internal.zzjf -> com.google.android.gms.measurement.internal.n8:
    java.util.concurrent.atomic.AtomicReference zza -> l
    boolean zze -> p
    java.lang.String zzb -> m
    com.google.android.gms.measurement.internal.zzq zzd -> o
    java.lang.String zzc -> n
    com.google.android.gms.measurement.internal.zzjm zzf -> q
com.google.android.gms.measurement.internal.zzjg -> com.google.android.gms.measurement.internal.o8:
    com.google.android.gms.measurement.internal.zzdx zza -> l
    com.google.android.gms.measurement.internal.zzjl zzb -> m
com.google.android.gms.measurement.internal.zzjh -> com.google.android.gms.measurement.internal.p8:
    android.content.ComponentName zza -> l
    com.google.android.gms.measurement.internal.zzjl zzb -> m
com.google.android.gms.measurement.internal.zzji -> com.google.android.gms.measurement.internal.q8:
    com.google.android.gms.measurement.internal.zzdx zza -> l
    com.google.android.gms.measurement.internal.zzjl zzb -> m
com.google.android.gms.measurement.internal.zzjj -> com.google.android.gms.measurement.internal.r8:
    com.google.android.gms.measurement.internal.zzjl zza -> l
com.google.android.gms.measurement.internal.zzjk -> com.google.android.gms.measurement.internal.s8:
    com.google.android.gms.measurement.internal.zzjl zza -> l