build/app/outputs/mapping/release/usage.txt
com.americanlyceum.chat_gpt_stories.BuildConfig
com.americanlyceum.chat_gpt_stories.R$attr
com.americanlyceum.chat_gpt_stories.R$dimen
com.americanlyceum.chat_gpt_stories.R$integer
com.americanlyceum.chat_gpt_stories.R$color
com.americanlyceum.chat_gpt_stories.R$mipmap
com.americanlyceum.chat_gpt_stories.R$string
com.americanlyceum.chat_gpt_stories.R$drawable
com.americanlyceum.chat_gpt_stories.R$raw
com.americanlyceum.chat_gpt_stories.R$layout
com.americanlyceum.chat_gpt_stories.R$style
com.americanlyceum.chat_gpt_stories.R$styleable
com.americanlyceum.chat_gpt_stories.R
com.americanlyceum.chat_gpt_stories.R$id
...
com.google.common.util.concurrent.AsyncCallable
com.google.android.gms.common.api.internal.zaj
androidx.viewpager.R$color
androidx.core.view.WindowInsetsControllerCompat$Impl20:
    private void showForType(int)
    private void hideForType(int)
    void show(int)
    void hide(int)
    void controlWindowInsetsAnimation(int,long,android.view.animation.Interpolator,android.os.CancellationSignal,androidx.core.view.WindowInsetsAnimationControlListenerCompat)
    void setSystemBarsBehavior(int)
    int getSystemBarsBehavior()
    void addOnControllableInsetsChangedListener(androidx.core.view.WindowInsetsControllerCompat$OnControllableInsetsChangedListener)
    void removeOnControllableInsetsChangedListener(androidx.core.view.WindowInsetsControllerCompat$OnControllableInsetsChangedListener)
android.support.v4.media.MediaBrowserCompat$SubscriptionCallback
kotlinx.coroutines.flow.FlowKt__ZipKt$combineTransform$$inlined$combineTransformUnsafe$FlowKt__ZipKt$2$1
kotlinx.coroutines.channels.ProduceKt$awaitClose$1
androidx.core.view.ViewCompat$2
kotlinx.coroutines.flow.SharingCommand
kotlinx.coroutines.flow.FlowKt__ZipKt$combineTransform$6$2
com.google.common.collect.MultimapBuilder$4
io.flutter.embedding.engine.deferredcomponents.PlayStoreDeferredComponentManager$FeatureInstallStateUpdatedListener
androidx.loader.content.ModernAsyncTask$AsyncTaskResult
kotlin.collections.AbstractMap$keys$1$iterator$1
com.google.common.util.concurrent.WrappingExecutorService$1
kotlin.jvm.internal.BooleanCompanionObject
com.google.android.datatransport.R
androidx.core.view.OnReceiveContentListener
kotlinx.coroutines.flow.FlowKt__TransformKt$filterIsInstance$$inlined$filter$1$2$1
kotlinx.coroutines.channels.ProduceKt$awaitClose$4$1
com.google.common.collect.Synchronized$SynchronizedQueue
com.google.android.gms.common.api.internal.zabv:
    public final android.content.Context getContext()
    public final android.os.Looper getLooper()
    public final com.google.android.gms.common.api.internal.BaseImplementation$ApiMethodImpl enqueue(com.google.android.gms.common.api.internal.BaseImplementation$ApiMethodImpl)
    public final com.google.android.gms.common.api.internal.BaseImplementation$ApiMethodImpl execute(com.google.android.gms.common.api.internal.BaseImplementation$ApiMethodImpl)
    public final void zao(com.google.android.gms.common.api.internal.zada)
    public final void zap(com.google.android.gms.common.api.internal.zada)
kotlinx.coroutines.channels.BroadcastChannel$DefaultImpls
kotlinx.coroutines.flow.FlowKt__LimitKt$transformWhile$1
kotlin.sequences.SequencesKt__SequencesKt$generateSequence$2
com.google.common.reflect.TypeToken$TypeFilter
com.google.android.gms.common.api.internal.zabe
androidx.fragment.app.FragmentTransaction$Op:
    void <init>(int,androidx.fragment.app.Fragment,androidx.lifecycle.Lifecycle$State)
com.google.common.collect.ImmutableMapValues
com.google.android.gms.stats.GCoreWakefulBroadcastReceiver
kotlin.UIntArrayKt
kotlinx.coroutines.flow.FlowKt__LimitKt$takeWhile$$inlined$unsafeFlow$1
kotlinx.coroutines.channels.Send:
    public abstract void resumeSendClosed(kotlinx.coroutines.channels.Closed)
com.google.common.util.concurrent.ForwardingFuture
androidx.legacy.coreutils.R$drawable
com.google.android.gms.common.stats.WakeLockEvent
com.google.common.graph.MutableGraph
com.google.firebase.messaging.TopicOperation:
    static final java.lang.String OPERATION_PAIR_DIVIDER
    private static final java.lang.String OLD_TOPIC_PREFIX
    private static final java.lang.String TOPIC_NAME_PATTERN
androidx.loader.R$drawable
com.google.common.collect.ImmutableListMultimap$Builder
kotlin.io.FileTreeWalk$WalkState
com.google.common.collect.LinkedListMultimap$DistinctKeyIterator
com.google.common.collect.ImmutableMultiset$EntrySet
com.google.android.gms.common.api.internal.zaas